<?xml version="1.0" encoding="UTF-8"?>
<!-- Generated by org.testng.reporters.JUnitReportReporter -->
<testsuite hostname="INSPOLT370" failures="0" tests="5" name="com.tests.PO_Sanity" time="67.291" errors="0" timestamp="2024-07-01T12:19:05 IST" skipped="0">
  <testcase classname="com.tests.PO_Sanity" name="initBrowser" time="2.462"/>
  <testcase classname="com.tests.PO_Sanity" name="openBrowser" time="0.870"/>
  <testcase classname="com.tests.PO_Sanity" name="verifyLogin" time="4.638"/>
  <testcase classname="com.tests.PO_Sanity" name="CreatePO" time="43.104"/>
  <testcase classname="com.tests.PO_Sanity" name="runBatch" time="16.217"/>
</testsuite> <!-- com.tests.PO_Sanity -->
